Traceback (most recent call last):
  File "/opt/hostedtoolcache/Python/3.8.12/x64/lib/python3.8/site-packages/jupyter_cache/executors/utils.py", line 51, in single_nb_execution
    executenb(
  File "/opt/hostedtoolcache/Python/3.8.12/x64/lib/python3.8/site-packages/nbclient/client.py", line 1093, in execute
    return NotebookClient(nb=nb, resources=resources, km=km, **kwargs).execute()
  File "/opt/hostedtoolcache/Python/3.8.12/x64/lib/python3.8/site-packages/nbclient/util.py", line 84, in wrapped
    return just_run(coro(*args, **kwargs))
  File "/opt/hostedtoolcache/Python/3.8.12/x64/lib/python3.8/site-packages/nbclient/util.py", line 62, in just_run
    return loop.run_until_complete(coro)
  File "/opt/hostedtoolcache/Python/3.8.12/x64/lib/python3.8/asyncio/base_events.py", line 616, in run_until_complete
    return future.result()
  File "/opt/hostedtoolcache/Python/3.8.12/x64/lib/python3.8/site-packages/nbclient/client.py", line 559, in async_execute
    await self.async_execute_cell(
  File "/opt/hostedtoolcache/Python/3.8.12/x64/lib/python3.8/site-packages/nbclient/client.py", line 854, in async_execute_cell
    self._check_raise_for_error(cell, exec_reply)
  File "/opt/hostedtoolcache/Python/3.8.12/x64/lib/python3.8/site-packages/nbclient/client.py", line 756, in _check_raise_for_error
    raise CellExecutionError.from_cell_and_msg(cell, exec_reply_content)
nbclient.exceptions.CellExecutionError: An error occurred while executing the following cell:
------------------
fig, ax = plt.subplots(1,1, figsize=(6,6))
nx.draw_networkx(G_clus, pos, ax=ax, with_labels=True, node_color="tab:blue", node_size = 800,
        font_size=15, font_color="whitesmoke", arrows=False)
nx.draw_networkx(G2, pos, ax=ax, with_labels=True, node_color="tab:blue", node_size = 800,
        font_size=15, font_color="whitesmoke", alpha=0.0, arrows=False)
------------------

[0;31m---------------------------------------------------------------------------[0m
[0;31mKeyError[0m                                  Traceback (most recent call last)
[0;32m/opt/hostedtoolcache/Python/3.8.12/x64/lib/python3.8/site-packages/networkx/drawing/nx_pylab.py[0m in [0;36mdraw_networkx_nodes[0;34m(G, pos, nodelist, node_size, node_color, node_shape, alpha, cmap, vmin, vmax, ax, linewidths, edgecolors, label, margins)[0m
[1;32m    453[0m     [0;32mtry[0m[0;34m:[0m[0;34m[0m[0;34m[0m[0m
[0;32m--> 454[0;31m         [0mxy[0m [0;34m=[0m [0mnp[0m[0;34m.[0m[0masarray[0m[0;34m([0m[0;34m[[0m[0mpos[0m[0;34m[[0m[0mv[0m[0;34m][0m [0;32mfor[0m [0mv[0m [0;32min[0m [0mnodelist[0m[0;34m][0m[0;34m)[0m[0;34m[0m[0;34m[0m[0m
[0m[1;32m    455[0m     [0;32mexcept[0m [0mKeyError[0m [0;32mas[0m [0me[0m[0;34m:[0m[0;34m[0m[0;34m[0m[0m

[0;32m/opt/hostedtoolcache/Python/3.8.12/x64/lib/python3.8/site-packages/networkx/drawing/nx_pylab.py[0m in [0;36m<listcomp>[0;34m(.0)[0m
[1;32m    453[0m     [0;32mtry[0m[0;34m:[0m[0;34m[0m[0;34m[0m[0m
[0;32m--> 454[0;31m         [0mxy[0m [0;34m=[0m [0mnp[0m[0;34m.[0m[0masarray[0m[0;34m([0m[0;34m[[0m[0mpos[0m[0;34m[[0m[0mv[0m[0;34m][0m [0;32mfor[0m [0mv[0m [0;32min[0m [0mnodelist[0m[0;34m][0m[0;34m)[0m[0;34m[0m[0;34m[0m[0m
[0m[1;32m    455[0m     [0;32mexcept[0m [0mKeyError[0m [0;32mas[0m [0me[0m[0;34m:[0m[0;34m[0m[0;34m[0m[0m

[0;31mKeyError[0m: 'MH'

The above exception was the direct cause of the following exception:

[0;31mNetworkXError[0m                             Traceback (most recent call last)
[0;32m/tmp/ipykernel_2167/162619801.py[0m in [0;36m<module>[0;34m[0m
[1;32m      1[0m [0mfig[0m[0;34m,[0m [0max[0m [0;34m=[0m [0mplt[0m[0;34m.[0m[0msubplots[0m[0;34m([0m[0;36m1[0m[0;34m,[0m[0;36m1[0m[0;34m,[0m [0mfigsize[0m[0;34m=[0m[0;34m([0m[0;36m6[0m[0;34m,[0m[0;36m6[0m[0;34m)[0m[0;34m)[0m[0;34m[0m[0;34m[0m[0m
[0;32m----> 2[0;31m nx.draw_networkx(G_clus, pos, ax=ax, with_labels=True, node_color="tab:blue", node_size = 800,
[0m[1;32m      3[0m         font_size=15, font_color="whitesmoke", arrows=False)
[1;32m      4[0m nx.draw_networkx(G2, pos, ax=ax, with_labels=True, node_color="tab:blue", node_size = 800,
[1;32m      5[0m         font_size=15, font_color="whitesmoke", alpha=0.0, arrows=False)

[0;32m/opt/hostedtoolcache/Python/3.8.12/x64/lib/python3.8/site-packages/networkx/drawing/nx_pylab.py[0m in [0;36mdraw_networkx[0;34m(G, pos, arrows, with_labels, **kwds)[0m
[1;32m    331[0m         [0mpos[0m [0;34m=[0m [0mnx[0m[0;34m.[0m[0mdrawing[0m[0;34m.[0m[0mspring_layout[0m[0;34m([0m[0mG[0m[0;34m)[0m  [0;31m# default to spring layout[0m[0;34m[0m[0;34m[0m[0m
[1;32m    332[0m [0;34m[0m[0m
[0;32m--> 333[0;31m     [0mdraw_networkx_nodes[0m[0;34m([0m[0mG[0m[0;34m,[0m [0mpos[0m[0;34m,[0m [0;34m**[0m[0mnode_kwds[0m[0;34m)[0m[0;34m[0m[0;34m[0m[0m
[0m[1;32m    334[0m     [0mdraw_networkx_edges[0m[0;34m([0m[0mG[0m[0;34m,[0m [0mpos[0m[0;34m,[0m [0marrows[0m[0;34m=[0m[0marrows[0m[0;34m,[0m [0;34m**[0m[0medge_kwds[0m[0;34m)[0m[0;34m[0m[0;34m[0m[0m
[1;32m    335[0m     [0;32mif[0m [0mwith_labels[0m[0;34m:[0m[0;34m[0m[0;34m[0m[0m

[0;32m/opt/hostedtoolcache/Python/3.8.12/x64/lib/python3.8/site-packages/networkx/drawing/nx_pylab.py[0m in [0;36mdraw_networkx_nodes[0;34m(G, pos, nodelist, node_size, node_color, node_shape, alpha, cmap, vmin, vmax, ax, linewidths, edgecolors, label, margins)[0m
[1;32m    454[0m         [0mxy[0m [0;34m=[0m [0mnp[0m[0;34m.[0m[0masarray[0m[0;34m([0m[0;34m[[0m[0mpos[0m[0;34m[[0m[0mv[0m[0;34m][0m [0;32mfor[0m [0mv[0m [0;32min[0m [0mnodelist[0m[0;34m][0m[0;34m)[0m[0;34m[0m[0;34m[0m[0m
[1;32m    455[0m     [0;32mexcept[0m [0mKeyError[0m [0;32mas[0m [0me[0m[0;34m:[0m[0;34m[0m[0;34m[0m[0m
[0;32m--> 456[0;31m         [0;32mraise[0m [0mnx[0m[0;34m.[0m[0mNetworkXError[0m[0;34m([0m[0;34mf"Node {e} has no position."[0m[0;34m)[0m [0;32mfrom[0m [0me[0m[0;34m[0m[0;34m[0m[0m
[0m[1;32m    457[0m [0;34m[0m[0m
[1;32m    458[0m     [0;32mif[0m [0misinstance[0m[0;34m([0m[0malpha[0m[0;34m,[0m [0mIterable[0m[0;34m)[0m[0;34m:[0m[0;34m[0m[0;34m[0m[0m

[0;31mNetworkXError[0m: Node 'MH' has no position.
NetworkXError: Node 'MH' has no position.

